[2025-05-23T08:17:15Z ERROR bls_runtime] panicked at bls-runtime/src/main.rs:185:50:
    called `Result::unwrap()` on an `Err` value: No such file or directory (os error 2)
[2025-05-23T08:17:30Z ERROR bls_runtime] panicked at bls-runtime/src/main.rs:185:50:
    called `Result::unwrap()` on an `Err` value: No such file or directory (os error 2)
[2025-05-23T08:17:31Z ERROR bls_runtime] panicked at bls-runtime/src/main.rs:185:50:
    called `Result::unwrap()` on an `Err` value: No such file or directory (os error 2)
[2025-05-23T08:18:28Z ERROR bls_runtime] panicked at bls-runtime/src/main.rs:185:50:
    called `Result::unwrap()` on an `Err` value: No such file or directory (os error 2)
[2025-05-23T08:18:28Z ERROR bls_runtime] panicked at bls-runtime/src/main.rs:185:50:
    called `Result::unwrap()` on an `Err` value: No such file or directory (os error 2)
[2025-05-23T08:55:43Z ERROR blockless] error: error while executing at wasm backtrace:
        0: 0x7fa7e - <unknown>!<wasm function 155>
        1: 0xe00e2 - <unknown>!<wasm function 799>
        2: 0xea997 - <unknown>!<wasm function 1033>
        3: 0x21ccb - <unknown>!<wasm function 19>
        4: 0xa1b2a - <unknown>!<wasm function 274>
        5: 0xd5d86 - <unknown>!<wasm function 655>
        6: 0x123b - <unknown>!<wasm function 13>
        7: 0x2f73 - <unknown>!<wasm function 13>
        8: 0x2f73 - <unknown>!<wasm function 13>
        9: 0x82d14 - <unknown>!<wasm function 165>
       10: 0xc36cc - <unknown>!<wasm function 476>
       11: 0x123b - <unknown>!<wasm function 13>
       12: 0x2f73 - <unknown>!<wasm function 13>
       13: 0x82d14 - <unknown>!<wasm function 165>
       14: 0xc36cc - <unknown>!<wasm function 476>
       15: 0x123b - <unknown>!<wasm function 13>
       16: 0x30f9 - <unknown>!<wasm function 13>
       17: 0x30f9 - <unknown>!<wasm function 13>
       18: 0x30f9 - <unknown>!<wasm function 13>
       19: 0x82d14 - <unknown>!<wasm function 165>
       20: 0xc36cc - <unknown>!<wasm function 476>
       21: 0xd5689 - <unknown>!<wasm function 650>
       22: 0xa9b1d - <unknown>!<wasm function 312>
       23: 0x84fed - <unknown>!<wasm function 171>
       24: 0xefed5 - <unknown>!<wasm function 1281>
[2025-05-23T09:32:47Z ERROR blockless] error: error while executing at wasm backtrace:
        0: 0x7fa7e - <unknown>!<wasm function 155>
        1: 0xe00e2 - <unknown>!<wasm function 799>
        2: 0xea997 - <unknown>!<wasm function 1033>
        3: 0x21ccb - <unknown>!<wasm function 19>
        4: 0xa1b2a - <unknown>!<wasm function 274>
        5: 0xd5d86 - <unknown>!<wasm function 655>
        6: 0x123b - <unknown>!<wasm function 13>
        7: 0x2f73 - <unknown>!<wasm function 13>
        8: 0x2f73 - <unknown>!<wasm function 13>
        9: 0x82d14 - <unknown>!<wasm function 165>
       10: 0xc36cc - <unknown>!<wasm function 476>
       11: 0x123b - <unknown>!<wasm function 13>
       12: 0x2f73 - <unknown>!<wasm function 13>
       13: 0x82d14 - <unknown>!<wasm function 165>
       14: 0xc36cc - <unknown>!<wasm function 476>
       15: 0x123b - <unknown>!<wasm function 13>
       16: 0x30f9 - <unknown>!<wasm function 13>
       17: 0x30f9 - <unknown>!<wasm function 13>
       18: 0x30f9 - <unknown>!<wasm function 13>
       19: 0x82d14 - <unknown>!<wasm function 165>
       20: 0xc36cc - <unknown>!<wasm function 476>
       21: 0xd5689 - <unknown>!<wasm function 650>
       22: 0xa9b1d - <unknown>!<wasm function 312>
       23: 0x84fed - <unknown>!<wasm function 171>
       24: 0xefed5 - <unknown>!<wasm function 1281>
[2025-05-23T09:34:46Z ERROR blockless] error: error while executing at wasm backtrace:
        0: 0x7fa7e - <unknown>!<wasm function 155>
        1: 0xe00e2 - <unknown>!<wasm function 799>
        2: 0xea997 - <unknown>!<wasm function 1033>
        3: 0x21ccb - <unknown>!<wasm function 19>
        4: 0xa1b2a - <unknown>!<wasm function 274>
        5: 0xd5d86 - <unknown>!<wasm function 655>
        6: 0x123b - <unknown>!<wasm function 13>
        7: 0x2f73 - <unknown>!<wasm function 13>
        8: 0x2f73 - <unknown>!<wasm function 13>
        9: 0x82d14 - <unknown>!<wasm function 165>
       10: 0xc36cc - <unknown>!<wasm function 476>
       11: 0x123b - <unknown>!<wasm function 13>
       12: 0x2f73 - <unknown>!<wasm function 13>
       13: 0x82d14 - <unknown>!<wasm function 165>
       14: 0xc36cc - <unknown>!<wasm function 476>
       15: 0x123b - <unknown>!<wasm function 13>
       16: 0x30f9 - <unknown>!<wasm function 13>
       17: 0x30f9 - <unknown>!<wasm function 13>
       18: 0x30f9 - <unknown>!<wasm function 13>
       19: 0x82d14 - <unknown>!<wasm function 165>
       20: 0xc36cc - <unknown>!<wasm function 476>
       21: 0xd5689 - <unknown>!<wasm function 650>
       22: 0xa9b1d - <unknown>!<wasm function 312>
       23: 0x84fed - <unknown>!<wasm function 171>
       24: 0xefed5 - <unknown>!<wasm function 1281>
[2025-05-23T09:37:24Z ERROR blockless] error: error while executing at wasm backtrace:
        0: 0x7fa7e - <unknown>!<wasm function 155>
        1: 0xe00e2 - <unknown>!<wasm function 799>
        2: 0xea997 - <unknown>!<wasm function 1033>
        3: 0x21ccb - <unknown>!<wasm function 19>
        4: 0xa1b2a - <unknown>!<wasm function 274>
        5: 0xd5d86 - <unknown>!<wasm function 655>
        6: 0x123b - <unknown>!<wasm function 13>
        7: 0x2f73 - <unknown>!<wasm function 13>
        8: 0x2f73 - <unknown>!<wasm function 13>
        9: 0x82d14 - <unknown>!<wasm function 165>
       10: 0xc36cc - <unknown>!<wasm function 476>
       11: 0x123b - <unknown>!<wasm function 13>
       12: 0x2f73 - <unknown>!<wasm function 13>
       13: 0x82d14 - <unknown>!<wasm function 165>
       14: 0xc36cc - <unknown>!<wasm function 476>
       15: 0x123b - <unknown>!<wasm function 13>
       16: 0x30f9 - <unknown>!<wasm function 13>
       17: 0x30f9 - <unknown>!<wasm function 13>
       18: 0x30f9 - <unknown>!<wasm function 13>
       19: 0x82d14 - <unknown>!<wasm function 165>
       20: 0xc36cc - <unknown>!<wasm function 476>
       21: 0xd5689 - <unknown>!<wasm function 650>
       22: 0xa9b1d - <unknown>!<wasm function 312>
       23: 0x84fed - <unknown>!<wasm function 171>
       24: 0xefed5 - <unknown>!<wasm function 1281>
[2025-05-23T09:39:59Z ERROR blockless] error: error while executing at wasm backtrace:
        0: 0x7fa7e - <unknown>!<wasm function 155>
        1: 0xe00e2 - <unknown>!<wasm function 799>
        2: 0xea997 - <unknown>!<wasm function 1033>
        3: 0x21ccb - <unknown>!<wasm function 19>
        4: 0xa1b2a - <unknown>!<wasm function 274>
        5: 0xd5d86 - <unknown>!<wasm function 655>
        6: 0x123b - <unknown>!<wasm function 13>
        7: 0x2f73 - <unknown>!<wasm function 13>
        8: 0x2f73 - <unknown>!<wasm function 13>
        9: 0x82d14 - <unknown>!<wasm function 165>
       10: 0xc36cc - <unknown>!<wasm function 476>
       11: 0x123b - <unknown>!<wasm function 13>
       12: 0x2f73 - <unknown>!<wasm function 13>
       13: 0x82d14 - <unknown>!<wasm function 165>
       14: 0xc36cc - <unknown>!<wasm function 476>
       15: 0x123b - <unknown>!<wasm function 13>
       16: 0x30f9 - <unknown>!<wasm function 13>
       17: 0x30f9 - <unknown>!<wasm function 13>
       18: 0x30f9 - <unknown>!<wasm function 13>
       19: 0x82d14 - <unknown>!<wasm function 165>
       20: 0xc36cc - <unknown>!<wasm function 476>
       21: 0xd5689 - <unknown>!<wasm function 650>
       22: 0xa9b1d - <unknown>!<wasm function 312>
       23: 0x84fed - <unknown>!<wasm function 171>
       24: 0xefed5 - <unknown>!<wasm function 1281>
[2025-05-23T11:05:48Z ERROR blockless] error: error while executing at wasm backtrace:
        0: 0x7fa7e - <unknown>!<wasm function 155>
        1: 0xe00e2 - <unknown>!<wasm function 799>
        2: 0xea997 - <unknown>!<wasm function 1033>
        3: 0x21ccb - <unknown>!<wasm function 19>
        4: 0xa1b2a - <unknown>!<wasm function 274>
        5: 0xd5d86 - <unknown>!<wasm function 655>
        6: 0x123b - <unknown>!<wasm function 13>
        7: 0x2f73 - <unknown>!<wasm function 13>
        8: 0x2f73 - <unknown>!<wasm function 13>
        9: 0x82d14 - <unknown>!<wasm function 165>
       10: 0xc36cc - <unknown>!<wasm function 476>
       11: 0x123b - <unknown>!<wasm function 13>
       12: 0x2f73 - <unknown>!<wasm function 13>
       13: 0x82d14 - <unknown>!<wasm function 165>
       14: 0xc36cc - <unknown>!<wasm function 476>
       15: 0x123b - <unknown>!<wasm function 13>
       16: 0x30f9 - <unknown>!<wasm function 13>
       17: 0x30f9 - <unknown>!<wasm function 13>
       18: 0x30f9 - <unknown>!<wasm function 13>
       19: 0x82d14 - <unknown>!<wasm function 165>
       20: 0xc36cc - <unknown>!<wasm function 476>
       21: 0xd5689 - <unknown>!<wasm function 650>
       22: 0xa9b1d - <unknown>!<wasm function 312>
       23: 0x84fed - <unknown>!<wasm function 171>
       24: 0xefed5 - <unknown>!<wasm function 1281>
[2025-05-23T11:13:01Z ERROR blockless] error: error while executing at wasm backtrace:
        0: 0x7fa7e - <unknown>!<wasm function 155>
        1: 0xe00e2 - <unknown>!<wasm function 799>
        2: 0xea997 - <unknown>!<wasm function 1033>
        3: 0x21ccb - <unknown>!<wasm function 19>
        4: 0xa1b2a - <unknown>!<wasm function 274>
        5: 0xd5d86 - <unknown>!<wasm function 655>
        6: 0x123b - <unknown>!<wasm function 13>
        7: 0x2f73 - <unknown>!<wasm function 13>
        8: 0x2f73 - <unknown>!<wasm function 13>
        9: 0x82d14 - <unknown>!<wasm function 165>
       10: 0xc36cc - <unknown>!<wasm function 476>
       11: 0x123b - <unknown>!<wasm function 13>
       12: 0x2f73 - <unknown>!<wasm function 13>
       13: 0x82d14 - <unknown>!<wasm function 165>
       14: 0xc36cc - <unknown>!<wasm function 476>
       15: 0x123b - <unknown>!<wasm function 13>
       16: 0x30f9 - <unknown>!<wasm function 13>
       17: 0x30f9 - <unknown>!<wasm function 13>
       18: 0x30f9 - <unknown>!<wasm function 13>
       19: 0x82d14 - <unknown>!<wasm function 165>
       20: 0xc36cc - <unknown>!<wasm function 476>
       21: 0xd5689 - <unknown>!<wasm function 650>
       22: 0xa9b1d - <unknown>!<wasm function 312>
       23: 0x84fed - <unknown>!<wasm function 171>
       24: 0xefed5 - <unknown>!<wasm function 1281>
[2025-05-23T11:15:25Z ERROR blockless] error: error while executing at wasm backtrace:
        0: 0x7fa7e - <unknown>!<wasm function 155>
        1: 0xe00e2 - <unknown>!<wasm function 799>
        2: 0xea997 - <unknown>!<wasm function 1033>
        3: 0x21ccb - <unknown>!<wasm function 19>
        4: 0xa1b2a - <unknown>!<wasm function 274>
        5: 0xd5d86 - <unknown>!<wasm function 655>
        6: 0x123b - <unknown>!<wasm function 13>
        7: 0x2f73 - <unknown>!<wasm function 13>
        8: 0x2f73 - <unknown>!<wasm function 13>
        9: 0x82d14 - <unknown>!<wasm function 165>
       10: 0xc36cc - <unknown>!<wasm function 476>
       11: 0x123b - <unknown>!<wasm function 13>
       12: 0x2f73 - <unknown>!<wasm function 13>
       13: 0x82d14 - <unknown>!<wasm function 165>
       14: 0xc36cc - <unknown>!<wasm function 476>
       15: 0x123b - <unknown>!<wasm function 13>
       16: 0x30f9 - <unknown>!<wasm function 13>
       17: 0x30f9 - <unknown>!<wasm function 13>
       18: 0x30f9 - <unknown>!<wasm function 13>
       19: 0x82d14 - <unknown>!<wasm function 165>
       20: 0xc36cc - <unknown>!<wasm function 476>
       21: 0xd5689 - <unknown>!<wasm function 650>
       22: 0xa9b1d - <unknown>!<wasm function 312>
       23: 0x84fed - <unknown>!<wasm function 171>
       24: 0xefed5 - <unknown>!<wasm function 1281>
[2025-05-23T11:18:05Z ERROR blockless] error: error while executing at wasm backtrace:
        0: 0x7fa7e - <unknown>!<wasm function 155>
        1: 0xe00e2 - <unknown>!<wasm function 799>
        2: 0xea997 - <unknown>!<wasm function 1033>
        3: 0x21ccb - <unknown>!<wasm function 19>
        4: 0xa1b2a - <unknown>!<wasm function 274>
        5: 0xd5d86 - <unknown>!<wasm function 655>
        6: 0x123b - <unknown>!<wasm function 13>
        7: 0x2f73 - <unknown>!<wasm function 13>
        8: 0x2f73 - <unknown>!<wasm function 13>
        9: 0x82d14 - <unknown>!<wasm function 165>
       10: 0xc36cc - <unknown>!<wasm function 476>
       11: 0x123b - <unknown>!<wasm function 13>
       12: 0x2f73 - <unknown>!<wasm function 13>
       13: 0x82d14 - <unknown>!<wasm function 165>
       14: 0xc36cc - <unknown>!<wasm function 476>
       15: 0x123b - <unknown>!<wasm function 13>
       16: 0x30f9 - <unknown>!<wasm function 13>
       17: 0x30f9 - <unknown>!<wasm function 13>
       18: 0x30f9 - <unknown>!<wasm function 13>
       19: 0x82d14 - <unknown>!<wasm function 165>
       20: 0xc36cc - <unknown>!<wasm function 476>
       21: 0xd5689 - <unknown>!<wasm function 650>
       22: 0xa9b1d - <unknown>!<wasm function 312>
       23: 0x84fed - <unknown>!<wasm function 171>
       24: 0xefed5 - <unknown>!<wasm function 1281>
[2025-05-23T11:18:33Z ERROR blockless] error: error while executing at wasm backtrace:
        0: 0x7fa7e - <unknown>!<wasm function 155>
        1: 0xe00e2 - <unknown>!<wasm function 799>
        2: 0xea997 - <unknown>!<wasm function 1033>
        3: 0x21ccb - <unknown>!<wasm function 19>
        4: 0xa1b2a - <unknown>!<wasm function 274>
        5: 0xd5d86 - <unknown>!<wasm function 655>
        6: 0x123b - <unknown>!<wasm function 13>
        7: 0x2f73 - <unknown>!<wasm function 13>
        8: 0x2f73 - <unknown>!<wasm function 13>
        9: 0x82d14 - <unknown>!<wasm function 165>
       10: 0xc36cc - <unknown>!<wasm function 476>
       11: 0x123b - <unknown>!<wasm function 13>
       12: 0x2f73 - <unknown>!<wasm function 13>
       13: 0x82d14 - <unknown>!<wasm function 165>
       14: 0xc36cc - <unknown>!<wasm function 476>
       15: 0x123b - <unknown>!<wasm function 13>
       16: 0x30f9 - <unknown>!<wasm function 13>
       17: 0x30f9 - <unknown>!<wasm function 13>
       18: 0x30f9 - <unknown>!<wasm function 13>
       19: 0x82d14 - <unknown>!<wasm function 165>
       20: 0xc36cc - <unknown>!<wasm function 476>
       21: 0xd5689 - <unknown>!<wasm function 650>
       22: 0xa9b1d - <unknown>!<wasm function 312>
       23: 0x84fed - <unknown>!<wasm function 171>
       24: 0xefed5 - <unknown>!<wasm function 1281>
[2025-05-23T11:19:52Z ERROR blockless] error: error while executing at wasm backtrace:
        0: 0x7fa7e - <unknown>!<wasm function 155>
        1: 0xe00e2 - <unknown>!<wasm function 799>
        2: 0xea997 - <unknown>!<wasm function 1033>
        3: 0x21ccb - <unknown>!<wasm function 19>
        4: 0xa1b2a - <unknown>!<wasm function 274>
        5: 0xd5d86 - <unknown>!<wasm function 655>
        6: 0x123b - <unknown>!<wasm function 13>
        7: 0x2f73 - <unknown>!<wasm function 13>
        8: 0x2f73 - <unknown>!<wasm function 13>
        9: 0x82d14 - <unknown>!<wasm function 165>
       10: 0xc36cc - <unknown>!<wasm function 476>
       11: 0x123b - <unknown>!<wasm function 13>
       12: 0x2f73 - <unknown>!<wasm function 13>
       13: 0x82d14 - <unknown>!<wasm function 165>
       14: 0xc36cc - <unknown>!<wasm function 476>
       15: 0x123b - <unknown>!<wasm function 13>
       16: 0x30f9 - <unknown>!<wasm function 13>
       17: 0x30f9 - <unknown>!<wasm function 13>
       18: 0x30f9 - <unknown>!<wasm function 13>
       19: 0x82d14 - <unknown>!<wasm function 165>
       20: 0xc36cc - <unknown>!<wasm function 476>
       21: 0xd5689 - <unknown>!<wasm function 650>
       22: 0xa9b1d - <unknown>!<wasm function 312>
       23: 0x84fed - <unknown>!<wasm function 171>
       24: 0xefed5 - <unknown>!<wasm function 1281>
[2025-05-23T11:21:07Z ERROR blockless] error: error while executing at wasm backtrace:
        0: 0x7fa7e - <unknown>!<wasm function 155>
        1: 0xe00e2 - <unknown>!<wasm function 799>
        2: 0xea997 - <unknown>!<wasm function 1033>
        3: 0x21ccb - <unknown>!<wasm function 19>
        4: 0xa1b2a - <unknown>!<wasm function 274>
        5: 0xd5d86 - <unknown>!<wasm function 655>
        6: 0x123b - <unknown>!<wasm function 13>
        7: 0x2f73 - <unknown>!<wasm function 13>
        8: 0x2f73 - <unknown>!<wasm function 13>
        9: 0x82d14 - <unknown>!<wasm function 165>
       10: 0xc36cc - <unknown>!<wasm function 476>
       11: 0x123b - <unknown>!<wasm function 13>
       12: 0x2f73 - <unknown>!<wasm function 13>
       13: 0x82d14 - <unknown>!<wasm function 165>
       14: 0xc36cc - <unknown>!<wasm function 476>
       15: 0x123b - <unknown>!<wasm function 13>
       16: 0x30f9 - <unknown>!<wasm function 13>
       17: 0x30f9 - <unknown>!<wasm function 13>
       18: 0x30f9 - <unknown>!<wasm function 13>
       19: 0x82d14 - <unknown>!<wasm function 165>
       20: 0xc36cc - <unknown>!<wasm function 476>
       21: 0xd5689 - <unknown>!<wasm function 650>
       22: 0xa9b1d - <unknown>!<wasm function 312>
       23: 0x84fed - <unknown>!<wasm function 171>
       24: 0xefed5 - <unknown>!<wasm function 1281>
[2025-05-23T11:34:48Z ERROR blockless] error: error while executing at wasm backtrace:
        0: 0x7fa7e - <unknown>!<wasm function 155>
        1: 0xe00e2 - <unknown>!<wasm function 799>
        2: 0xea997 - <unknown>!<wasm function 1033>
        3: 0x21ccb - <unknown>!<wasm function 19>
        4: 0xa1b2a - <unknown>!<wasm function 274>
        5: 0xd5d86 - <unknown>!<wasm function 655>
        6: 0x123b - <unknown>!<wasm function 13>
        7: 0x2f73 - <unknown>!<wasm function 13>
        8: 0x2f73 - <unknown>!<wasm function 13>
        9: 0x82d14 - <unknown>!<wasm function 165>
       10: 0xc36cc - <unknown>!<wasm function 476>
       11: 0x123b - <unknown>!<wasm function 13>
       12: 0x2f73 - <unknown>!<wasm function 13>
       13: 0x82d14 - <unknown>!<wasm function 165>
       14: 0xc36cc - <unknown>!<wasm function 476>
       15: 0x123b - <unknown>!<wasm function 13>
       16: 0x30f9 - <unknown>!<wasm function 13>
       17: 0x30f9 - <unknown>!<wasm function 13>
       18: 0x30f9 - <unknown>!<wasm function 13>
       19: 0x82d14 - <unknown>!<wasm function 165>
       20: 0xc36cc - <unknown>!<wasm function 476>
       21: 0xd5689 - <unknown>!<wasm function 650>
       22: 0xa9b1d - <unknown>!<wasm function 312>
       23: 0x84fed - <unknown>!<wasm function 171>
       24: 0xefed5 - <unknown>!<wasm function 1281>
[2025-05-23T11:35:47Z ERROR blockless] error: error while executing at wasm backtrace:
        0: 0x7fa7e - <unknown>!<wasm function 155>
        1: 0xe00e2 - <unknown>!<wasm function 799>
        2: 0xea997 - <unknown>!<wasm function 1033>
        3: 0x21ccb - <unknown>!<wasm function 19>
        4: 0xa1b2a - <unknown>!<wasm function 274>
        5: 0xd5d86 - <unknown>!<wasm function 655>
        6: 0x123b - <unknown>!<wasm function 13>
        7: 0x2f73 - <unknown>!<wasm function 13>
        8: 0x2f73 - <unknown>!<wasm function 13>
        9: 0x82d14 - <unknown>!<wasm function 165>
       10: 0xc36cc - <unknown>!<wasm function 476>
       11: 0x123b - <unknown>!<wasm function 13>
       12: 0x2f73 - <unknown>!<wasm function 13>
       13: 0x82d14 - <unknown>!<wasm function 165>
       14: 0xc36cc - <unknown>!<wasm function 476>
       15: 0x123b - <unknown>!<wasm function 13>
       16: 0x30f9 - <unknown>!<wasm function 13>
       17: 0x30f9 - <unknown>!<wasm function 13>
       18: 0x30f9 - <unknown>!<wasm function 13>
       19: 0x82d14 - <unknown>!<wasm function 165>
       20: 0xc36cc - <unknown>!<wasm function 476>
       21: 0xd5689 - <unknown>!<wasm function 650>
       22: 0xa9b1d - <unknown>!<wasm function 312>
       23: 0x84fed - <unknown>!<wasm function 171>
       24: 0xefed5 - <unknown>!<wasm function 1281>
[2025-05-23T11:37:55Z ERROR blockless] error: error while executing at wasm backtrace:
        0: 0xf05f7 - <unknown>!<wasm function 1281>
[2025-05-23T11:39:28Z ERROR blockless] error: error while executing at wasm backtrace:
        0: 0xf05d7 - <unknown>!<wasm function 1281>
[2025-05-23T12:04:03Z ERROR blockless] error: error while executing at wasm backtrace:
        0: 0x7fa7e - <unknown>!<wasm function 155>
        1: 0xe00e2 - <unknown>!<wasm function 799>
        2: 0xea997 - <unknown>!<wasm function 1033>
        3: 0x21ccb - <unknown>!<wasm function 19>
        4: 0xa1b2a - <unknown>!<wasm function 274>
        5: 0xd5d86 - <unknown>!<wasm function 655>
        6: 0x123b - <unknown>!<wasm function 13>
        7: 0x2f73 - <unknown>!<wasm function 13>
        8: 0x2f73 - <unknown>!<wasm function 13>
        9: 0x82d14 - <unknown>!<wasm function 165>
       10: 0xc36cc - <unknown>!<wasm function 476>
       11: 0x123b - <unknown>!<wasm function 13>
       12: 0x2f73 - <unknown>!<wasm function 13>
       13: 0x82d14 - <unknown>!<wasm function 165>
       14: 0xc36cc - <unknown>!<wasm function 476>
       15: 0x123b - <unknown>!<wasm function 13>
       16: 0x30f9 - <unknown>!<wasm function 13>
       17: 0x30f9 - <unknown>!<wasm function 13>
       18: 0x30f9 - <unknown>!<wasm function 13>
       19: 0x82d14 - <unknown>!<wasm function 165>
       20: 0xc36cc - <unknown>!<wasm function 476>
       21: 0xd5689 - <unknown>!<wasm function 650>
       22: 0xa9b1d - <unknown>!<wasm function 312>
       23: 0x84fed - <unknown>!<wasm function 171>
       24: 0xefeb5 - <unknown>!<wasm function 1281>
[2025-05-23T12:04:37Z ERROR blockless] error: error while executing at wasm backtrace:
        0: 0x7fa7e - <unknown>!<wasm function 155>
        1: 0xe00e2 - <unknown>!<wasm function 799>
        2: 0xea997 - <unknown>!<wasm function 1033>
        3: 0x21ccb - <unknown>!<wasm function 19>
        4: 0xa1b2a - <unknown>!<wasm function 274>
        5: 0xd5d86 - <unknown>!<wasm function 655>
        6: 0x123b - <unknown>!<wasm function 13>
        7: 0x2f73 - <unknown>!<wasm function 13>
        8: 0x2f73 - <unknown>!<wasm function 13>
        9: 0x82d14 - <unknown>!<wasm function 165>
       10: 0xc36cc - <unknown>!<wasm function 476>
       11: 0x123b - <unknown>!<wasm function 13>
       12: 0x2f73 - <unknown>!<wasm function 13>
       13: 0x82d14 - <unknown>!<wasm function 165>
       14: 0xc36cc - <unknown>!<wasm function 476>
       15: 0x123b - <unknown>!<wasm function 13>
       16: 0x30f9 - <unknown>!<wasm function 13>
       17: 0x30f9 - <unknown>!<wasm function 13>
       18: 0x30f9 - <unknown>!<wasm function 13>
       19: 0x82d14 - <unknown>!<wasm function 165>
       20: 0xc36cc - <unknown>!<wasm function 476>
       21: 0xd5689 - <unknown>!<wasm function 650>
       22: 0xa9b1d - <unknown>!<wasm function 312>
       23: 0x84fed - <unknown>!<wasm function 171>
       24: 0xefeb5 - <unknown>!<wasm function 1281>
[2025-05-23T12:05:23Z ERROR blockless] error: error while executing at wasm backtrace:
        0: 0x7fa7e - <unknown>!<wasm function 155>
        1: 0xe00e2 - <unknown>!<wasm function 799>
        2: 0xea997 - <unknown>!<wasm function 1033>
        3: 0x21ccb - <unknown>!<wasm function 19>
        4: 0xa1b2a - <unknown>!<wasm function 274>
        5: 0xd5d86 - <unknown>!<wasm function 655>
        6: 0x123b - <unknown>!<wasm function 13>
        7: 0x2f73 - <unknown>!<wasm function 13>
        8: 0x2f73 - <unknown>!<wasm function 13>
        9: 0x82d14 - <unknown>!<wasm function 165>
       10: 0xc36cc - <unknown>!<wasm function 476>
       11: 0x123b - <unknown>!<wasm function 13>
       12: 0x2f73 - <unknown>!<wasm function 13>
       13: 0x82d14 - <unknown>!<wasm function 165>
       14: 0xc36cc - <unknown>!<wasm function 476>
       15: 0x123b - <unknown>!<wasm function 13>
       16: 0x30f9 - <unknown>!<wasm function 13>
       17: 0x30f9 - <unknown>!<wasm function 13>
       18: 0x30f9 - <unknown>!<wasm function 13>
       19: 0x82d14 - <unknown>!<wasm function 165>
       20: 0xc36cc - <unknown>!<wasm function 476>
       21: 0xd5689 - <unknown>!<wasm function 650>
       22: 0xa9b1d - <unknown>!<wasm function 312>
       23: 0x84fed - <unknown>!<wasm function 171>
       24: 0xefeb5 - <unknown>!<wasm function 1281>
[2025-05-23T12:06:04Z ERROR blockless] error: error while executing at wasm backtrace:
        0: 0x7fa7e - <unknown>!<wasm function 155>
        1: 0xe00e2 - <unknown>!<wasm function 799>
        2: 0xea997 - <unknown>!<wasm function 1033>
        3: 0x21ccb - <unknown>!<wasm function 19>
        4: 0xa1b2a - <unknown>!<wasm function 274>
        5: 0xd5d86 - <unknown>!<wasm function 655>
        6: 0x123b - <unknown>!<wasm function 13>
        7: 0x2f73 - <unknown>!<wasm function 13>
        8: 0x2f73 - <unknown>!<wasm function 13>
        9: 0x82d14 - <unknown>!<wasm function 165>
       10: 0xc36cc - <unknown>!<wasm function 476>
       11: 0x123b - <unknown>!<wasm function 13>
       12: 0x2f73 - <unknown>!<wasm function 13>
       13: 0x82d14 - <unknown>!<wasm function 165>
       14: 0xc36cc - <unknown>!<wasm function 476>
       15: 0x123b - <unknown>!<wasm function 13>
       16: 0x30f9 - <unknown>!<wasm function 13>
       17: 0x30f9 - <unknown>!<wasm function 13>
       18: 0x30f9 - <unknown>!<wasm function 13>
       19: 0x82d14 - <unknown>!<wasm function 165>
       20: 0xc36cc - <unknown>!<wasm function 476>
       21: 0xd5689 - <unknown>!<wasm function 650>
       22: 0xa9b1d - <unknown>!<wasm function 312>
       23: 0x84fed - <unknown>!<wasm function 171>
       24: 0xefeb5 - <unknown>!<wasm function 1281>
[2025-05-23T12:06:24Z ERROR blockless] error: error while executing at wasm backtrace:
        0: 0x7fa7e - <unknown>!<wasm function 155>
        1: 0xe00e2 - <unknown>!<wasm function 799>
        2: 0xea997 - <unknown>!<wasm function 1033>
        3: 0x21ccb - <unknown>!<wasm function 19>
        4: 0xa1b2a - <unknown>!<wasm function 274>
        5: 0xd5d86 - <unknown>!<wasm function 655>
        6: 0x123b - <unknown>!<wasm function 13>
        7: 0x2f73 - <unknown>!<wasm function 13>
        8: 0x2f73 - <unknown>!<wasm function 13>
        9: 0x82d14 - <unknown>!<wasm function 165>
       10: 0xc36cc - <unknown>!<wasm function 476>
       11: 0x123b - <unknown>!<wasm function 13>
       12: 0x2f73 - <unknown>!<wasm function 13>
       13: 0x82d14 - <unknown>!<wasm function 165>
       14: 0xc36cc - <unknown>!<wasm function 476>
       15: 0x123b - <unknown>!<wasm function 13>
       16: 0x30f9 - <unknown>!<wasm function 13>
       17: 0x30f9 - <unknown>!<wasm function 13>
       18: 0x30f9 - <unknown>!<wasm function 13>
       19: 0x82d14 - <unknown>!<wasm function 165>
       20: 0xc36cc - <unknown>!<wasm function 476>
       21: 0xd5689 - <unknown>!<wasm function 650>
       22: 0xa9b1d - <unknown>!<wasm function 312>
       23: 0x84fed - <unknown>!<wasm function 171>
       24: 0xefeb5 - <unknown>!<wasm function 1281>
[2025-05-23T12:07:06Z ERROR blockless] error: error while executing at wasm backtrace:
        0: 0x7fa7e - <unknown>!<wasm function 155>
        1: 0xe00e2 - <unknown>!<wasm function 799>
        2: 0xea997 - <unknown>!<wasm function 1033>
        3: 0x21ccb - <unknown>!<wasm function 19>
        4: 0xa1b2a - <unknown>!<wasm function 274>
        5: 0xd5d86 - <unknown>!<wasm function 655>
        6: 0x123b - <unknown>!<wasm function 13>
        7: 0x2f73 - <unknown>!<wasm function 13>
        8: 0x2f73 - <unknown>!<wasm function 13>
        9: 0x82d14 - <unknown>!<wasm function 165>
       10: 0xc36cc - <unknown>!<wasm function 476>
       11: 0x123b - <unknown>!<wasm function 13>
       12: 0x2f73 - <unknown>!<wasm function 13>
       13: 0x82d14 - <unknown>!<wasm function 165>
       14: 0xc36cc - <unknown>!<wasm function 476>
       15: 0x123b - <unknown>!<wasm function 13>
       16: 0x30f9 - <unknown>!<wasm function 13>
       17: 0x30f9 - <unknown>!<wasm function 13>
       18: 0x30f9 - <unknown>!<wasm function 13>
       19: 0x82d14 - <unknown>!<wasm function 165>
       20: 0xc36cc - <unknown>!<wasm function 476>
       21: 0xd5689 - <unknown>!<wasm function 650>
       22: 0xa9b1d - <unknown>!<wasm function 312>
       23: 0x84fed - <unknown>!<wasm function 171>
       24: 0xefeb5 - <unknown>!<wasm function 1281>
[2025-05-23T12:07:17Z ERROR blockless] error: error while executing at wasm backtrace:
        0: 0x7fa7e - <unknown>!<wasm function 155>
        1: 0xe00e2 - <unknown>!<wasm function 799>
        2: 0xea997 - <unknown>!<wasm function 1033>
        3: 0x21ccb - <unknown>!<wasm function 19>
        4: 0xa1b2a - <unknown>!<wasm function 274>
        5: 0xd5d86 - <unknown>!<wasm function 655>
        6: 0x123b - <unknown>!<wasm function 13>
        7: 0x2f73 - <unknown>!<wasm function 13>
        8: 0x2f73 - <unknown>!<wasm function 13>
        9: 0x82d14 - <unknown>!<wasm function 165>
       10: 0xc36cc - <unknown>!<wasm function 476>
       11: 0x123b - <unknown>!<wasm function 13>
       12: 0x2f73 - <unknown>!<wasm function 13>
       13: 0x82d14 - <unknown>!<wasm function 165>
       14: 0xc36cc - <unknown>!<wasm function 476>
       15: 0x123b - <unknown>!<wasm function 13>
       16: 0x30f9 - <unknown>!<wasm function 13>
       17: 0x30f9 - <unknown>!<wasm function 13>
       18: 0x30f9 - <unknown>!<wasm function 13>
       19: 0x82d14 - <unknown>!<wasm function 165>
       20: 0xc36cc - <unknown>!<wasm function 476>
       21: 0xd5689 - <unknown>!<wasm function 650>
       22: 0xa9b1d - <unknown>!<wasm function 312>
       23: 0x84fed - <unknown>!<wasm function 171>
       24: 0xefeb5 - <unknown>!<wasm function 1281>
[2025-05-23T12:07:27Z ERROR blockless] error: error while executing at wasm backtrace:
        0: 0x7fa7e - <unknown>!<wasm function 155>
        1: 0xe00e2 - <unknown>!<wasm function 799>
        2: 0xea997 - <unknown>!<wasm function 1033>
        3: 0x21ccb - <unknown>!<wasm function 19>
        4: 0xa1b2a - <unknown>!<wasm function 274>
        5: 0xd5d86 - <unknown>!<wasm function 655>
        6: 0x123b - <unknown>!<wasm function 13>
        7: 0x2f73 - <unknown>!<wasm function 13>
        8: 0x2f73 - <unknown>!<wasm function 13>
        9: 0x82d14 - <unknown>!<wasm function 165>
       10: 0xc36cc - <unknown>!<wasm function 476>
       11: 0x123b - <unknown>!<wasm function 13>
       12: 0x2f73 - <unknown>!<wasm function 13>
       13: 0x82d14 - <unknown>!<wasm function 165>
       14: 0xc36cc - <unknown>!<wasm function 476>
       15: 0x123b - <unknown>!<wasm function 13>
       16: 0x30f9 - <unknown>!<wasm function 13>
       17: 0x30f9 - <unknown>!<wasm function 13>
       18: 0x30f9 - <unknown>!<wasm function 13>
       19: 0x82d14 - <unknown>!<wasm function 165>
       20: 0xc36cc - <unknown>!<wasm function 476>
       21: 0xd5689 - <unknown>!<wasm function 650>
       22: 0xa9b1d - <unknown>!<wasm function 312>
       23: 0x84fed - <unknown>!<wasm function 171>
       24: 0xefeb5 - <unknown>!<wasm function 1281>
[2025-05-23T12:08:17Z ERROR blockless] error: error while executing at wasm backtrace:
        0: 0x7fa7e - <unknown>!<wasm function 155>
        1: 0xe00e2 - <unknown>!<wasm function 799>
        2: 0xea997 - <unknown>!<wasm function 1033>
        3: 0x21ccb - <unknown>!<wasm function 19>
        4: 0xa1b2a - <unknown>!<wasm function 274>
        5: 0xd5d86 - <unknown>!<wasm function 655>
        6: 0x123b - <unknown>!<wasm function 13>
        7: 0x2f73 - <unknown>!<wasm function 13>
        8: 0x2f73 - <unknown>!<wasm function 13>
        9: 0x82d14 - <unknown>!<wasm function 165>
       10: 0xc36cc - <unknown>!<wasm function 476>
       11: 0x123b - <unknown>!<wasm function 13>
       12: 0x2f73 - <unknown>!<wasm function 13>
       13: 0x82d14 - <unknown>!<wasm function 165>
       14: 0xc36cc - <unknown>!<wasm function 476>
       15: 0x123b - <unknown>!<wasm function 13>
       16: 0x30f9 - <unknown>!<wasm function 13>
       17: 0x30f9 - <unknown>!<wasm function 13>
       18: 0x30f9 - <unknown>!<wasm function 13>
       19: 0x82d14 - <unknown>!<wasm function 165>
       20: 0xc36cc - <unknown>!<wasm function 476>
       21: 0xd5689 - <unknown>!<wasm function 650>
       22: 0xa9b1d - <unknown>!<wasm function 312>
       23: 0x84fed - <unknown>!<wasm function 171>
       24: 0xefeb5 - <unknown>!<wasm function 1281>
[2025-05-23T12:09:05Z ERROR blockless] error: error while executing at wasm backtrace:
        0: 0x7fa7e - <unknown>!<wasm function 155>
        1: 0xe00e2 - <unknown>!<wasm function 799>
        2: 0xea997 - <unknown>!<wasm function 1033>
        3: 0x21ccb - <unknown>!<wasm function 19>
        4: 0xa1b2a - <unknown>!<wasm function 274>
        5: 0xd5d86 - <unknown>!<wasm function 655>
        6: 0x123b - <unknown>!<wasm function 13>
        7: 0x2f73 - <unknown>!<wasm function 13>
        8: 0x2f73 - <unknown>!<wasm function 13>
        9: 0x82d14 - <unknown>!<wasm function 165>
       10: 0xc36cc - <unknown>!<wasm function 476>
       11: 0x123b - <unknown>!<wasm function 13>
       12: 0x2f73 - <unknown>!<wasm function 13>
       13: 0x82d14 - <unknown>!<wasm function 165>
       14: 0xc36cc - <unknown>!<wasm function 476>
       15: 0x123b - <unknown>!<wasm function 13>
       16: 0x30f9 - <unknown>!<wasm function 13>
       17: 0x30f9 - <unknown>!<wasm function 13>
       18: 0x30f9 - <unknown>!<wasm function 13>
       19: 0x82d14 - <unknown>!<wasm function 165>
       20: 0xc36cc - <unknown>!<wasm function 476>
       21: 0xd5689 - <unknown>!<wasm function 650>
       22: 0xa9b1d - <unknown>!<wasm function 312>
       23: 0x84fed - <unknown>!<wasm function 171>
       24: 0xefeb5 - <unknown>!<wasm function 1281>
[2025-05-23T12:12:01Z ERROR blockless] error: error while executing at wasm backtrace:
        0: 0x7fa7e - <unknown>!<wasm function 155>
        1: 0xe00e2 - <unknown>!<wasm function 799>
        2: 0xea997 - <unknown>!<wasm function 1033>
        3: 0x21ccb - <unknown>!<wasm function 19>
        4: 0xa1b2a - <unknown>!<wasm function 274>
        5: 0xd5d86 - <unknown>!<wasm function 655>
        6: 0x123b - <unknown>!<wasm function 13>
        7: 0x2f73 - <unknown>!<wasm function 13>
        8: 0x2f73 - <unknown>!<wasm function 13>
        9: 0x82d14 - <unknown>!<wasm function 165>
       10: 0xc36cc - <unknown>!<wasm function 476>
       11: 0x123b - <unknown>!<wasm function 13>
       12: 0x2f73 - <unknown>!<wasm function 13>
       13: 0x82d14 - <unknown>!<wasm function 165>
       14: 0xc36cc - <unknown>!<wasm function 476>
       15: 0x123b - <unknown>!<wasm function 13>
       16: 0x30f9 - <unknown>!<wasm function 13>
       17: 0x30f9 - <unknown>!<wasm function 13>
       18: 0x30f9 - <unknown>!<wasm function 13>
       19: 0x82d14 - <unknown>!<wasm function 165>
       20: 0xc36cc - <unknown>!<wasm function 476>
       21: 0xd5689 - <unknown>!<wasm function 650>
       22: 0xa9b1d - <unknown>!<wasm function 312>
       23: 0x84fed - <unknown>!<wasm function 171>
       24: 0xefeb5 - <unknown>!<wasm function 1281>
[2025-05-23T12:13:16Z ERROR blockless] error: error while executing at wasm backtrace:
        0: 0x7fa7e - <unknown>!<wasm function 155>
        1: 0xe00e2 - <unknown>!<wasm function 799>
        2: 0xea997 - <unknown>!<wasm function 1033>
        3: 0x21ccb - <unknown>!<wasm function 19>
        4: 0xa1b2a - <unknown>!<wasm function 274>
        5: 0xd5d86 - <unknown>!<wasm function 655>
        6: 0x123b - <unknown>!<wasm function 13>
        7: 0x2f73 - <unknown>!<wasm function 13>
        8: 0x2f73 - <unknown>!<wasm function 13>
        9: 0x82d14 - <unknown>!<wasm function 165>
       10: 0xc36cc - <unknown>!<wasm function 476>
       11: 0x123b - <unknown>!<wasm function 13>
       12: 0x2f73 - <unknown>!<wasm function 13>
       13: 0x82d14 - <unknown>!<wasm function 165>
       14: 0xc36cc - <unknown>!<wasm function 476>
       15: 0x123b - <unknown>!<wasm function 13>
       16: 0x30f9 - <unknown>!<wasm function 13>
       17: 0x30f9 - <unknown>!<wasm function 13>
       18: 0x30f9 - <unknown>!<wasm function 13>
       19: 0x82d14 - <unknown>!<wasm function 165>
       20: 0xc36cc - <unknown>!<wasm function 476>
       21: 0xd5689 - <unknown>!<wasm function 650>
       22: 0xa9b1d - <unknown>!<wasm function 312>
       23: 0x84fed - <unknown>!<wasm function 171>
       24: 0xefeb5 - <unknown>!<wasm function 1281>
[2025-05-23T12:13:25Z ERROR blockless] error: error while executing at wasm backtrace:
        0: 0x7fa7e - <unknown>!<wasm function 155>
        1: 0xe00e2 - <unknown>!<wasm function 799>
        2: 0xea997 - <unknown>!<wasm function 1033>
        3: 0x21ccb - <unknown>!<wasm function 19>
        4: 0xa1b2a - <unknown>!<wasm function 274>
        5: 0xd5d86 - <unknown>!<wasm function 655>
        6: 0x123b - <unknown>!<wasm function 13>
        7: 0x2f73 - <unknown>!<wasm function 13>
        8: 0x2f73 - <unknown>!<wasm function 13>
        9: 0x82d14 - <unknown>!<wasm function 165>
       10: 0xc36cc - <unknown>!<wasm function 476>
       11: 0x123b - <unknown>!<wasm function 13>
       12: 0x2f73 - <unknown>!<wasm function 13>
       13: 0x82d14 - <unknown>!<wasm function 165>
       14: 0xc36cc - <unknown>!<wasm function 476>
       15: 0x123b - <unknown>!<wasm function 13>
       16: 0x30f9 - <unknown>!<wasm function 13>
       17: 0x30f9 - <unknown>!<wasm function 13>
       18: 0x30f9 - <unknown>!<wasm function 13>
       19: 0x82d14 - <unknown>!<wasm function 165>
       20: 0xc36cc - <unknown>!<wasm function 476>
       21: 0xd5689 - <unknown>!<wasm function 650>
       22: 0xa9b1d - <unknown>!<wasm function 312>
       23: 0x84fed - <unknown>!<wasm function 171>
       24: 0xefeb5 - <unknown>!<wasm function 1281>
[2025-05-23T12:13:40Z ERROR blockless] error: error while executing at wasm backtrace:
        0: 0x7fa7e - <unknown>!<wasm function 155>
        1: 0xe00e2 - <unknown>!<wasm function 799>
        2: 0xea997 - <unknown>!<wasm function 1033>
        3: 0x21ccb - <unknown>!<wasm function 19>
        4: 0xa1b2a - <unknown>!<wasm function 274>
        5: 0xd5d86 - <unknown>!<wasm function 655>
        6: 0x123b - <unknown>!<wasm function 13>
        7: 0x2f73 - <unknown>!<wasm function 13>
        8: 0x2f73 - <unknown>!<wasm function 13>
        9: 0x82d14 - <unknown>!<wasm function 165>
       10: 0xc36cc - <unknown>!<wasm function 476>
       11: 0x123b - <unknown>!<wasm function 13>
       12: 0x2f73 - <unknown>!<wasm function 13>
       13: 0x82d14 - <unknown>!<wasm function 165>
       14: 0xc36cc - <unknown>!<wasm function 476>
       15: 0x123b - <unknown>!<wasm function 13>
       16: 0x30f9 - <unknown>!<wasm function 13>
       17: 0x30f9 - <unknown>!<wasm function 13>
       18: 0x30f9 - <unknown>!<wasm function 13>
       19: 0x82d14 - <unknown>!<wasm function 165>
       20: 0xc36cc - <unknown>!<wasm function 476>
       21: 0xd5689 - <unknown>!<wasm function 650>
       22: 0xa9b1d - <unknown>!<wasm function 312>
       23: 0x84fed - <unknown>!<wasm function 171>
       24: 0xefeb5 - <unknown>!<wasm function 1281>
[2025-05-23T12:14:37Z ERROR blockless] error: error while executing at wasm backtrace:
        0: 0x7fa7e - <unknown>!<wasm function 155>
        1: 0xe00e2 - <unknown>!<wasm function 799>
        2: 0xea997 - <unknown>!<wasm function 1033>
        3: 0x21ccb - <unknown>!<wasm function 19>
        4: 0xa1b2a - <unknown>!<wasm function 274>
        5: 0xd5d86 - <unknown>!<wasm function 655>
        6: 0x123b - <unknown>!<wasm function 13>
        7: 0x2f73 - <unknown>!<wasm function 13>
        8: 0x2f73 - <unknown>!<wasm function 13>
        9: 0x82d14 - <unknown>!<wasm function 165>
       10: 0xc36cc - <unknown>!<wasm function 476>
       11: 0x123b - <unknown>!<wasm function 13>
       12: 0x2f73 - <unknown>!<wasm function 13>
       13: 0x82d14 - <unknown>!<wasm function 165>
       14: 0xc36cc - <unknown>!<wasm function 476>
       15: 0x123b - <unknown>!<wasm function 13>
       16: 0x30f9 - <unknown>!<wasm function 13>
       17: 0x30f9 - <unknown>!<wasm function 13>
       18: 0x30f9 - <unknown>!<wasm function 13>
       19: 0x82d14 - <unknown>!<wasm function 165>
       20: 0xc36cc - <unknown>!<wasm function 476>
       21: 0xd5689 - <unknown>!<wasm function 650>
       22: 0xa9b1d - <unknown>!<wasm function 312>
       23: 0x84fed - <unknown>!<wasm function 171>
       24: 0xefeb5 - <unknown>!<wasm function 1281>
[2025-05-24T08:01:29Z ERROR bls_runtime] panicked at /Users/runner/work/bls-runtime/bls-runtime/blockless/src/lib.rs:488:22:
    called `Result::unwrap()` on an `Err` value: unknown import: `blockless_llm::llm_set_model_request` has not been defined
[2025-05-24T08:01:30Z ERROR bls_runtime] panicked at /Users/runner/work/bls-runtime/bls-runtime/blockless/src/lib.rs:488:22:
    called `Result::unwrap()` on an `Err` value: unknown import: `blockless_llm::llm_set_model_request` has not been defined
[2025-05-24T08:28:45Z ERROR blockless] error: error while executing at wasm backtrace:
        0: 0xf05d7 - <unknown>!<wasm function 1281>
[2025-05-24T08:55:59Z ERROR blockless] error: error while executing at wasm backtrace:
        0: 0xf05d7 - <unknown>!<wasm function 1281>
[2025-05-25T07:58:08Z ERROR blockless] error: error while executing at wasm backtrace:
        0: 0xf05d7 - <unknown>!<wasm function 1281>
[2025-05-29T09:08:28Z ERROR blockless] error: error while executing at wasm backtrace:
        0: 0xf05db - <unknown>!<wasm function 1281>
[2025-05-29T09:13:54Z ERROR blockless] error: error while executing at wasm backtrace:
        0: 0xf05db - <unknown>!<wasm function 1281>
[2025-05-29T09:14:03Z ERROR blockless] error: error while executing at wasm backtrace:
        0: 0xf05db - <unknown>!<wasm function 1281>
[2025-05-29T09:16:00Z ERROR blockless] error: error while executing at wasm backtrace:
        0: 0xf05db - <unknown>!<wasm function 1281>
